<?xml version="1.0" encoding="UTF-8"?>
<!-- Generated by org.testng.reporters.JUnitXMLReporter -->
<testsuite ignored="0" hostname="DESKTOP-3UUS7IA" failures="0" tests="5" name="Default test" time="0.084" errors="0" timestamp="2024-09-21T13:12:01 IST">
  <testcase classname="com.cjc.webapp.tests.Test_dws" name="@BeforeSuite openBrowser" time="1.408">
    <failure type="org.openqa.selenium.SessionNotCreatedException" message="session not created: This version of ChromeDriver only supports Chrome version 125
Current browser version is 128.0.6613.138 with binary path C:\Program Files\Google\Chrome\Application\chrome.exe
Build info: version: &amp;apos;3.141.59&amp;apos;, revision: &amp;apos;e82be7d358&amp;apos;, time: &amp;apos;2018-11-14T08:25:53&amp;apos;
System info: host: &amp;apos;DESKTOP-3UUS7IA&amp;apos;, ip: &amp;apos;192.168.10.49&amp;apos;, os.name: &amp;apos;Windows 11&amp;apos;, os.arch: &amp;apos;amd64&amp;apos;, os.version: &amp;apos;10.0&amp;apos;, java.version: &amp;apos;18.0.2.1&amp;apos;
Driver info: driver.version: ChromeDriver
remote stacktrace: 	GetHandleVerifier [0x00007FF68B1922C2+60002]
	(No symbol) [0x00007FF68B10CA59]
	(No symbol) [0x00007FF68AFC7EDA]
	(No symbol) [0x00007FF68B006242]
	(No symbol) [0x00007FF68B005418]
	(No symbol) [0x00007FF68AFFF007]
	(No symbol) [0x00007FF68AFFAFA4]
	(No symbol) [0x00007FF68B0479A4]
	(No symbol) [0x00007FF68B047000]
	(No symbol) [0x00007FF68B03C033]
	(No symbol) [0x00007FF68B009657]
	(No symbol) [0x00007FF68B00A251]
	GetHandleVerifier [0x00007FF68B4A3E2D+3278285]
	GetHandleVerifier [0x00007FF68B4F0190+3590448]
	GetHandleVerifier [0x00007FF68B4E61D0+3549552]
	GetHandleVerifier [0x00007FF68B241DE6+779654]
	(No symbol) [0x00007FF68B117ACF]
	(No symbol) [0x00007FF68B112EE4]
	(No symbol) [0x00007FF68B113072]
	(No symbol) [0x00007FF68B102C4F]
	BaseThreadInitThunk [0x00007FFC6E40257D+29]
	RtlUserThreadStart [0x00007FFC6F8CAF28+40]
">
      <![CDATA[org.openqa.selenium.SessionNotCreatedException: session not created: This version of ChromeDriver only supports Chrome version 125
Current browser version is 128.0.6613.138 with binary path C:\Program Files\Google\Chrome\Application\chrome.exe
Build info: version: '3.141.59', revision: 'e82be7d358', time: '2018-11-14T08:25:53'
System info: host: 'DESKTOP-3UUS7IA', ip: '192.168.10.49', os.name: 'Windows 11', os.arch: 'amd64', os.version: '10.0', java.version: '18.0.2.1'
Driver info: driver.version: ChromeDriver
remote stacktrace: GetHandleVerifier [0x00007FF68B1922C2+60002]
(No symbol) [0x00007FF68B10CA59]
(No symbol) [0x00007FF68AFC7EDA]
(No symbol) [0x00007FF68B006242]
(No symbol) [0x00007FF68B005418]
(No symbol) [0x00007FF68AFFF007]
(No symbol) [0x00007FF68AFFAFA4]
(No symbol) [0x00007FF68B0479A4]
(No symbol) [0x00007FF68B047000]
(No symbol) [0x00007FF68B03C033]
(No symbol) [0x00007FF68B009657]
(No symbol) [0x00007FF68B00A251]
GetHandleVerifier [0x00007FF68B4A3E2D+3278285]
GetHandleVerifier [0x00007FF68B4F0190+3590448]
GetHandleVerifier [0x00007FF68B4E61D0+3549552]
GetHandleVerifier [0x00007FF68B241DE6+779654]
(No symbol) [0x00007FF68B117ACF]
(No symbol) [0x00007FF68B112EE4]
(No symbol) [0x00007FF68B113072]
(No symbol) [0x00007FF68B102C4F]
BaseThreadInitThunk [0x00007FFC6E40257D+29]
RtlUserThreadStart [0x00007FFC6F8CAF28+40]

at java.base/jdk.internal.reflect.DirectConstructorHandleAccessor.newInstance(DirectConstructorHandleAccessor.java:67)
at java.base/java.lang.reflect.Constructor.newInstanceWithCaller(Constructor.java:499)
at java.base/java.lang.reflect.Constructor.newInstance(Constructor.java:483)
at org.openqa.selenium.remote.W3CHandshakeResponse.lambda$errorHandler$0(W3CHandshakeResponse.java:62)
at org.openqa.selenium.remote.HandshakeResponse.lambda$getResponseFunction$0(HandshakeResponse.java:30)
at org.openqa.selenium.remote.ProtocolHandshake.lambda$createSession$0(ProtocolHandshake.java:126)
at java.base/java.util.stream.ReferencePipeline$3$1.accept(ReferencePipeline.java:197)
at java.base/java.util.Spliterators$ArraySpliterator.tryAdvance(Spliterators.java:1002)
at java.base/java.util.stream.ReferencePipeline.forEachWithCancel(ReferencePipeline.java:129)
at java.base/java.util.stream.AbstractPipeline.copyIntoWithCancel(AbstractPipeline.java:527)
at java.base/java.util.stream.AbstractPipeline.copyInto(AbstractPipeline.java:513)
at java.base/java.util.stream.AbstractPipeline.wrapAndCopyInto(AbstractPipeline.java:499)
at java.base/java.util.stream.FindOps$FindOp.evaluateSequential(FindOps.java:150)
at java.base/java.util.stream.AbstractPipeline.evaluate(AbstractPipeline.java:234)
at java.base/java.util.stream.ReferencePipeline.findFirst(ReferencePipeline.java:647)
at org.openqa.selenium.remote.ProtocolHandshake.createSession(ProtocolHandshake.java:128)
at org.openqa.selenium.remote.ProtocolHandshake.createSession(ProtocolHandshake.java:74)
at org.openqa.selenium.remote.HttpCommandExecutor.execute(HttpCommandExecutor.java:136)
at org.openqa.selenium.remote.service.DriverCommandExecutor.execute(DriverCommandExecutor.java:83)
at org.openqa.selenium.remote.RemoteWebDriver.execute(RemoteWebDriver.java:552)
at org.openqa.selenium.remote.RemoteWebDriver.startSession(RemoteWebDriver.java:213)
at org.openqa.selenium.remote.RemoteWebDriver.<init>(RemoteWebDriver.java:131)
at org.openqa.selenium.chrome.ChromeDriver.<init>(ChromeDriver.java:181)
at org.openqa.selenium.chrome.ChromeDriver.<init>(ChromeDriver.java:168)
at org.openqa.selenium.chrome.ChromeDriver.<init>(ChromeDriver.java:123)
at com.cjc.webapp.tests.Test_dws.openBrowser(Test_dws.java:40)
at java.base/jdk.internal.reflect.DirectMethodHandleAccessor.invoke(DirectMethodHandleAccessor.java:104)
at java.base/java.lang.reflect.Method.invoke(Method.java:577)
at org.testng.internal.MethodInvocationHelper.invokeMethod(MethodInvocationHelper.java:133)
at org.testng.internal.MethodInvocationHelper.invokeMethodConsideringTimeout(MethodInvocationHelper.java:62)
at org.testng.internal.ConfigInvoker.invokeConfigurationMethod(ConfigInvoker.java:385)
at org.testng.internal.ConfigInvoker.invokeConfigurations(ConfigInvoker.java:321)
at org.testng.SuiteRunner.privateRun(SuiteRunner.java:317)
at org.testng.SuiteRunner.run(SuiteRunner.java:276)
at org.testng.SuiteRunnerWorker.runSuite(SuiteRunnerWorker.java:53)
at org.testng.SuiteRunnerWorker.run(SuiteRunnerWorker.java:96)
at org.testng.TestNG.runSuitesSequentially(TestNG.java:1212)
at org.testng.TestNG.runSuitesLocally(TestNG.java:1134)
at org.testng.TestNG.runSuites(TestNG.java:1063)
at org.testng.TestNG.run(TestNG.java:1031)
at org.testng.remote.AbstractRemoteTestNG.run(AbstractRemoteTestNG.java:115)
at org.testng.remote.RemoteTestNG.initAndRun(RemoteTestNG.java:251)
at org.testng.remote.RemoteTestNG.main(RemoteTestNG.java:77)
]]>
    </failure>
  </testcase> <!-- @BeforeSuite openBrowser -->
  <testcase classname="com.cjc.webapp.tests.Test_dws" name="@BeforeTest getUrl" time="-1.726904521661E9">
    <skipped/>
  </testcase> <!-- @BeforeTest getUrl -->
  <testcase classname="com.cjc.webapp.tests.Test_dws" name="@BeforeClass maxWindow" time="-1.726904521678E9">
    <skipped/>
  </testcase> <!-- @BeforeClass maxWindow -->
  <testcase classname="com.cjc.webapp.tests.Test_dws" name="@BeforeMethod getCookie" time="-1.726904521688E9">
    <skipped/>
  </testcase> <!-- @BeforeMethod getCookie -->
  <testcase classname="com.cjc.webapp.tests.Test_dws" name="@AfterMethod ss" time="-1.726904521695E9">
    <skipped/>
  </testcase> <!-- @AfterMethod ss -->
  <testcase classname="com.cjc.webapp.tests.Test_dws" name="@BeforeMethod getCookie" time="-1.726904521704E9">
    <skipped/>
  </testcase> <!-- @BeforeMethod getCookie -->
  <testcase classname="com.cjc.webapp.tests.Test_dws" name="@AfterMethod ss" time="-1.72690452171E9">
    <skipped/>
  </testcase> <!-- @AfterMethod ss -->
  <testcase classname="com.cjc.webapp.tests.Test_dws" name="@BeforeMethod getCookie" time="-1.726904521712E9">
    <skipped/>
  </testcase> <!-- @BeforeMethod getCookie -->
  <testcase classname="com.cjc.webapp.tests.Test_dws" name="@AfterMethod ss" time="-1.72690452172E9">
    <skipped/>
  </testcase> <!-- @AfterMethod ss -->
  <testcase classname="com.cjc.webapp.tests.Test_dws" name="@BeforeMethod getCookie" time="-1.726904521722E9">
    <skipped/>
  </testcase> <!-- @BeforeMethod getCookie -->
  <testcase classname="com.cjc.webapp.tests.Test_dws" name="@AfterMethod ss" time="-1.72690452173E9">
    <skipped/>
  </testcase> <!-- @AfterMethod ss -->
  <testcase classname="com.cjc.webapp.tests.Test_dws" name="@BeforeMethod getCookie" time="-1.726904521734E9">
    <skipped/>
  </testcase> <!-- @BeforeMethod getCookie -->
  <testcase classname="com.cjc.webapp.tests.Test_dws" name="@AfterMethod ss" time="-1.726904521738E9">
    <skipped/>
  </testcase> <!-- @AfterMethod ss -->
  <testcase classname="com.cjc.webapp.tests.Test_dws" name="@AfterClass deleteCookie" time="-1.72690452174E9">
    <skipped/>
  </testcase> <!-- @AfterClass deleteCookie -->
  <testcase classname="com.cjc.webapp.tests.Test_dws" name="@AfterTest db" time="-1.726904521741E9">
    <skipped/>
  </testcase> <!-- @AfterTest db -->
  <testcase classname="com.cjc.webapp.tests.Test_dws" name="regPage" time="0.0">
    <skipped/>
  </testcase> <!-- regPage -->
  <testcase classname="com.cjc.webapp.tests.Test_dws" name="searchBook" time="0.0">
    <skipped/>
  </testcase> <!-- searchBook -->
  <testcase classname="com.cjc.webapp.tests.Test_dws" name="addTo" time="0.0">
    <skipped/>
  </testcase> <!-- addTo -->
  <testcase classname="com.cjc.webapp.tests.Test_dws" name="getButtons" time="0.0">
    <skipped/>
  </testcase> <!-- getButtons -->
  <testcase classname="com.cjc.webapp.tests.Test_dws" name="getAdd" time="0.0">
    <skipped/>
  </testcase> <!-- getAdd -->
</testsuite> <!-- Default test -->
